time=2023-04-24 21:08:58.134424 level=info msg=[
 ~~~~~~~ START OF REQUEST :  ~~~~~~~ 
 ]
time=2023-04-24 21:08:58.134424 level=info msg=[request: request-1682345338134424000-1  |  session: session-1682345328307406600]
time=2023-04-24 21:08:58.134424 level=info msg=[
 --- XML Request: ---
 <?xml version="1.0" encoding="UTF-8"?>
<epp xmlns="urn:ietf:params:xml:ns:epp-1.0">
  <command>
    <check>
      <host:check xmlns:host="urn:ietf:params:xml:ns:host-1.0" xmlns="urn:ietf:params:xml:ns:host-1.0">
        <host:name>ns1.reinhard.com</host:name>
      </host:check>
    </check>
  </command>
</epp>
]
time=2023-04-24 21:08:58.3409914 level=info msg=[
 --- XML Response: ---
 <?xml version="1.0" encoding="UTF-8"?>
<epp xmlns="urn:ietf:params:xml:ns:epp-1.0">
  <response>
    <result code="1000">
      <msg>Command completed successfully</msg>
    </result>
    <resData xmlns:host="urn:ietf:params:xml:ns:host-1.0">
      <host:chkData>
        <host:cd>
          <host:name avail="0">ns1.reinhard.com</host:name>
          <host:reason>Name server not available</host:reason>
        </host:cd>
      </host:chkData>
    </resData>
    <trID>
      <clTRID>4CDDE13D-89A6-4906-AC1E-11B9D5C0EB40</clTRID>
      <svTRID>7bd59a90-52dc-4b82-a967-2cfd9ca9c8ef</svTRID>
    </trID>
  </response>
</epp>
]
time=2023-04-24 21:08:58.3428217 level=info msg=[epp command response took 206.5674ms]
time=2023-04-24 21:08:58.3433378 level=info msg=[
 ~~~~~~~ END OF REQUEST :  ~~~~~~~ 


 <?xml version="1.0" encoding="UTF-8"?>
<epp xmlns="urn:ietf:params:xml:ns:epp-1.0">
  <response>
    <result code="1000">
      <msg>Command completed successfully</msg>
    </result>
    <resData xmlns:host="urn:ietf:params:xml:ns:host-1.0">
      <host:chkData>
        <host:cd>
          <host:name avail="0">ns1.reinhard.com</host:name>
          <host:reason>Name server not available</host:reason>
        </host:cd>
      </host:chkData>
    </resData>
    <trID>
      <clTRID>4CDDE13D-89A6-4906-AC1E-11B9D5C0EB40</clTRID>
      <svTRID>7bd59a90-52dc-4b82-a967-2cfd9ca9c8ef</svTRID>
    </trID>
  </response>
</epp>
]
time=2023-04-24 21:12:19.1311882 level=info msg=logging detail=[
 ~~~~~~~ START OF REQUEST :  ~~~~~~~ 
 ]
time=2023-04-24 21:12:19.1316914 level=info msg=logging detail=[request: request-1682345539131188200-0  |  session: session-1682345534424477900]
time=2023-04-24 21:12:19.1316914 level=info msg=logging detail=[
 --- XML Request: ---
 <?xml version="1.0" encoding="UTF-8"?>
<epp xmlns="urn:ietf:params:xml:ns:epp-1.0">
  <command>
    <check>
      <host:check xmlns:host="urn:ietf:params:xml:ns:host-1.0" xmlns="urn:ietf:params:xml:ns:host-1.0">
        <host:name>ns1.reinhard.com</host:name>
      </host:check>
    </check>
  </command>
</epp>
]
time=2023-04-24 21:12:19.3615164 level=info msg=logging detail=[
 --- XML Response: ---
 <?xml version="1.0" encoding="UTF-8"?>
<epp xmlns="urn:ietf:params:xml:ns:epp-1.0">
  <response>
    <result code="1000">
      <msg>Command completed successfully</msg>
    </result>
    <resData xmlns:host="urn:ietf:params:xml:ns:host-1.0">
      <host:chkData>
        <host:cd>
          <host:name avail="0">ns1.reinhard.com</host:name>
          <host:reason>Name server not available</host:reason>
        </host:cd>
      </host:chkData>
    </resData>
    <trID>
      <clTRID>295BEF9B-DB62-40BF-B5E6-4AABB9014BB4</clTRID>
      <svTRID>b662484c-46f1-43c5-90e6-dce4ebc39be2</svTRID>
    </trID>
  </response>
</epp>
]
time=2023-04-24 21:12:19.3646685 level=info msg=logging detail=[epp command response took 229.825ms]
time=2023-04-24 21:12:19.3646685 level=info msg=logging detail=[
 ~~~~~~~ END OF REQUEST :  ~~~~~~~ 


 <?xml version="1.0" encoding="UTF-8"?>
<epp xmlns="urn:ietf:params:xml:ns:epp-1.0">
  <response>
    <result code="1000">
      <msg>Command completed successfully</msg>
    </result>
    <resData xmlns:host="urn:ietf:params:xml:ns:host-1.0">
      <host:chkData>
        <host:cd>
          <host:name avail="0">ns1.reinhard.com</host:name>
          <host:reason>Name server not available</host:reason>
        </host:cd>
      </host:chkData>
    </resData>
    <trID>
      <clTRID>295BEF9B-DB62-40BF-B5E6-4AABB9014BB4</clTRID>
      <svTRID>b662484c-46f1-43c5-90e6-dce4ebc39be2</svTRID>
    </trID>
  </response>
</epp>
]
time=2023-04-24 21:13:24.9033118 level=info msg=[
 ~~~~~~~ START OF REQUEST :  ~~~~~~~ 
 ]
time=2023-04-24 21:13:24.9033118 level=info msg=[request: request-1682345604903311800-0  |  session: session-1682345598203064800]
time=2023-04-24 21:13:24.9038163 level=info msg=[
 --- XML Request: ---
 <?xml version="1.0" encoding="UTF-8"?>
<epp xmlns="urn:ietf:params:xml:ns:epp-1.0">
  <command>
    <check>
      <host:check xmlns:host="urn:ietf:params:xml:ns:host-1.0" xmlns="urn:ietf:params:xml:ns:host-1.0">
        <host:name>ns1.reinhard.com</host:name>
      </host:check>
    </check>
  </command>
</epp>
]
time=2023-04-24 21:13:25.1316292 level=info msg=[
 --- XML Response: ---
 <?xml version="1.0" encoding="UTF-8"?>
<epp xmlns="urn:ietf:params:xml:ns:epp-1.0">
  <response>
    <result code="1000">
      <msg>Command completed successfully</msg>
    </result>
    <resData xmlns:host="urn:ietf:params:xml:ns:host-1.0">
      <host:chkData>
        <host:cd>
          <host:name avail="0">ns1.reinhard.com</host:name>
          <host:reason>Name server not available</host:reason>
        </host:cd>
      </host:chkData>
    </resData>
    <trID>
      <clTRID>3F2098A9-42B3-457D-B9D6-2E4A48BD2C57</clTRID>
      <svTRID>911a892c-70ef-4c0e-9134-9fa11c625d86</svTRID>
    </trID>
  </response>
</epp>
]
time=2023-04-24 21:13:25.132679 level=info msg=[epp command response took 227.8129ms]
time=2023-04-24 21:13:25.132679 level=info msg=[
 ~~~~~~~ END OF REQUEST :  ~~~~~~~ 


 <?xml version="1.0" encoding="UTF-8"?>
<epp xmlns="urn:ietf:params:xml:ns:epp-1.0">
  <response>
    <result code="1000">
      <msg>Command completed successfully</msg>
    </result>
    <resData xmlns:host="urn:ietf:params:xml:ns:host-1.0">
      <host:chkData>
        <host:cd>
          <host:name avail="0">ns1.reinhard.com</host:name>
          <host:reason>Name server not available</host:reason>
        </host:cd>
      </host:chkData>
    </resData>
    <trID>
      <clTRID>3F2098A9-42B3-457D-B9D6-2E4A48BD2C57</clTRID>
      <svTRID>911a892c-70ef-4c0e-9134-9fa11c625d86</svTRID>
    </trID>
  </response>
</epp>
]
time=2023-04-24 21:14:30.8205514 level=info msg=asdf[
 ~~~~~~~ START OF REQUEST :  ~~~~~~~ 
 ]
time=2023-04-24 21:14:30.8205514 level=info msg=asdf[request: request-1682345670820551400-0  |  session: session-1682345664623156800]
time=2023-04-24 21:14:30.821056 level=info msg=asdf[
 --- XML Request: ---
 <?xml version="1.0" encoding="UTF-8"?>
<epp xmlns="urn:ietf:params:xml:ns:epp-1.0">
  <command>
    <check>
      <host:check xmlns:host="urn:ietf:params:xml:ns:host-1.0" xmlns="urn:ietf:params:xml:ns:host-1.0">
        <host:name>ns1.reinhard.com</host:name>
      </host:check>
    </check>
  </command>
</epp>
]
time=2023-04-24 21:14:31.0506949 level=info msg=asdf[
 --- XML Response: ---
 <?xml version="1.0" encoding="UTF-8"?>
<epp xmlns="urn:ietf:params:xml:ns:epp-1.0">
  <response>
    <result code="1000">
      <msg>Command completed successfully</msg>
    </result>
    <resData xmlns:host="urn:ietf:params:xml:ns:host-1.0">
      <host:chkData>
        <host:cd>
          <host:name avail="0">ns1.reinhard.com</host:name>
          <host:reason>Name server not available</host:reason>
        </host:cd>
      </host:chkData>
    </resData>
    <trID>
      <clTRID>B3106618-9910-4894-A939-851A03607123</clTRID>
      <svTRID>29bc7979-31a7-4aa3-9041-672026cd46fc</svTRID>
    </trID>
  </response>
</epp>
]
time=2023-04-24 21:14:31.0517518 level=info msg=asdf[epp command response took 229.6389ms]
time=2023-04-24 21:14:31.0517518 level=info msg=asdf[
 ~~~~~~~ END OF REQUEST :  ~~~~~~~ 


 <?xml version="1.0" encoding="UTF-8"?>
<epp xmlns="urn:ietf:params:xml:ns:epp-1.0">
  <response>
    <result code="1000">
      <msg>Command completed successfully</msg>
    </result>
    <resData xmlns:host="urn:ietf:params:xml:ns:host-1.0">
      <host:chkData>
        <host:cd>
          <host:name avail="0">ns1.reinhard.com</host:name>
          <host:reason>Name server not available</host:reason>
        </host:cd>
      </host:chkData>
    </resData>
    <trID>
      <clTRID>B3106618-9910-4894-A939-851A03607123</clTRID>
      <svTRID>29bc7979-31a7-4aa3-9041-672026cd46fc</svTRID>
    </trID>
  </response>
</epp>
]
time=2023-04-24 21:17:32.5507466 level=info msg=asdf
 ~~~~~~~ START OF REQUEST :  ~~~~~~~ 
 
time=2023-04-24 21:17:32.55125 level=info msg=asdfrequest: request-1682345852550746600-0  |  session: session-1682345849263776800
time=2023-04-24 21:17:32.55125 level=info msg=asdf
 --- XML Request: ---
 <?xml version="1.0" encoding="UTF-8"?>
<epp xmlns="urn:ietf:params:xml:ns:epp-1.0">
  <command>
    <check>
      <host:check xmlns:host="urn:ietf:params:xml:ns:host-1.0" xmlns="urn:ietf:params:xml:ns:host-1.0">
        <host:name>ns1.reinhard.com</host:name>
      </host:check>
    </check>
  </command>
</epp>

time=2023-04-24 21:17:32.8957062 level=info msg=asdf
 --- XML Response: ---
 <?xml version="1.0" encoding="UTF-8"?>
<epp xmlns="urn:ietf:params:xml:ns:epp-1.0">
  <response>
    <result code="1000">
      <msg>Command completed successfully</msg>
    </result>
    <resData xmlns:host="urn:ietf:params:xml:ns:host-1.0">
      <host:chkData>
        <host:cd>
          <host:name avail="0">ns1.reinhard.com</host:name>
          <host:reason>Name server not available</host:reason>
        </host:cd>
      </host:chkData>
    </resData>
    <trID>
      <clTRID>00B96E53-786F-4FE1-A07C-4534EF16901A</clTRID>
      <svTRID>39aef644-9356-4998-909d-7ed110ad0409</svTRID>
    </trID>
  </response>
</epp>

time=2023-04-24 21:17:32.8969598 level=info msg=asdfepp command response took 344.4562ms
time=2023-04-24 21:17:32.8969598 level=info msg=asdf
 ~~~~~~~ END OF REQUEST :  ~~~~~~~ 


 <?xml version="1.0" encoding="UTF-8"?>
<epp xmlns="urn:ietf:params:xml:ns:epp-1.0">
  <response>
    <result code="1000">
      <msg>Command completed successfully</msg>
    </result>
    <resData xmlns:host="urn:ietf:params:xml:ns:host-1.0">
      <host:chkData>
        <host:cd>
          <host:name avail="0">ns1.reinhard.com</host:name>
          <host:reason>Name server not available</host:reason>
        </host:cd>
      </host:chkData>
    </resData>
    <trID>
      <clTRID>00B96E53-786F-4FE1-A07C-4534EF16901A</clTRID>
      <svTRID>39aef644-9356-4998-909d-7ed110ad0409</svTRID>
    </trID>
  </response>
</epp>

time=2023-04-24 21:18:00.2739704 level=info msg=
 ~~~~~~~ START OF REQUEST :  ~~~~~~~ 
 
time=2023-04-24 21:18:00.2739704 level=info msg=request: request-1682345880273970400-0  |  session: session-1682345877264263400
time=2023-04-24 21:18:00.2739704 level=info msg=
 --------------- XML Request: ---------------
 <?xml version="1.0" encoding="UTF-8"?>
<epp xmlns="urn:ietf:params:xml:ns:epp-1.0">
  <command>
    <check>
      <host:check xmlns:host="urn:ietf:params:xml:ns:host-1.0" xmlns="urn:ietf:params:xml:ns:host-1.0">
        <host:name>ns1.reinhard.com</host:name>
      </host:check>
    </check>
  </command>
</epp>

time=2023-04-24 21:18:00.5147706 level=info msg=
 --- XML Response: ---
 <?xml version="1.0" encoding="UTF-8"?>
<epp xmlns="urn:ietf:params:xml:ns:epp-1.0">
  <response>
    <result code="1000">
      <msg>Command completed successfully</msg>
    </result>
    <resData xmlns:host="urn:ietf:params:xml:ns:host-1.0">
      <host:chkData>
        <host:cd>
          <host:name avail="0">ns1.reinhard.com</host:name>
          <host:reason>Name server not available</host:reason>
        </host:cd>
      </host:chkData>
    </resData>
    <trID>
      <clTRID>F5E18944-4FBF-4212-9886-5C0AA613C4B2</clTRID>
      <svTRID>4201f96d-3f29-4127-88bc-4b87ea925aef</svTRID>
    </trID>
  </response>
</epp>

time=2023-04-24 21:18:00.5161498 level=info msg=epp command response took 240.8002ms
time=2023-04-24 21:18:00.5166615 level=info msg=
 ~~~~~~~ END OF REQUEST :  ~~~~~~~ 


 <?xml version="1.0" encoding="UTF-8"?>
<epp xmlns="urn:ietf:params:xml:ns:epp-1.0">
  <response>
    <result code="1000">
      <msg>Command completed successfully</msg>
    </result>
    <resData xmlns:host="urn:ietf:params:xml:ns:host-1.0">
      <host:chkData>
        <host:cd>
          <host:name avail="0">ns1.reinhard.com</host:name>
          <host:reason>Name server not available</host:reason>
        </host:cd>
      </host:chkData>
    </resData>
    <trID>
      <clTRID>F5E18944-4FBF-4212-9886-5C0AA613C4B2</clTRID>
      <svTRID>4201f96d-3f29-4127-88bc-4b87ea925aef</svTRID>
    </trID>
  </response>
</epp>

time=2023-04-24 21:19:16.2825193 level=info msg=
 ~~~~~~~ START OF REQUEST :  ~~~~~~~ 
 
time=2023-04-24 21:19:16.2825193 level=info msg=request: request-1682345956282519300-0  |  session: session-1682345952733641100
time=2023-04-24 21:19:16.2830238 level=info msg=
 --- XML Request: ---
 <?xml version="1.0" encoding="UTF-8"?>
<epp xmlns="urn:ietf:params:xml:ns:epp-1.0">
  <command>
    <check>
      <host:check xmlns:host="urn:ietf:params:xml:ns:host-1.0" xmlns="urn:ietf:params:xml:ns:host-1.0">
        <host:name>ns1.reinhard.com</host:name>
      </host:check>
    </check>
  </command>
</epp>

time=2023-04-24 21:19:17.1572771 level=info msg=
 --------------- XML Response: ---------------
 <?xml version="1.0" encoding="UTF-8"?>
<epp xmlns="urn:ietf:params:xml:ns:epp-1.0">
  <response>
    <result code="1000">
      <msg>Command completed successfully</msg>
    </result>
    <resData xmlns:host="urn:ietf:params:xml:ns:host-1.0">
      <host:chkData>
        <host:cd>
          <host:name avail="0">ns1.reinhard.com</host:name>
          <host:reason>Name server not available</host:reason>
        </host:cd>
      </host:chkData>
    </resData>
    <trID>
      <clTRID>A8C71D67-3575-468A-9958-0B244DA77BDB</clTRID>
      <svTRID>3a7b9230-bd25-45d4-a2c4-5649582e74e9</svTRID>
    </trID>
  </response>
</epp>

time=2023-04-24 21:19:17.1592105 level=info msg=epp command response took 874.2533ms
time=2023-04-24 21:19:17.1592105 level=info msg=
 ############### END OF REQUEST : ###############


 <?xml version="1.0" encoding="UTF-8"?>
<epp xmlns="urn:ietf:params:xml:ns:epp-1.0">
  <response>
    <result code="1000">
      <msg>Command completed successfully</msg>
    </result>
    <resData xmlns:host="urn:ietf:params:xml:ns:host-1.0">
      <host:chkData>
        <host:cd>
          <host:name avail="0">ns1.reinhard.com</host:name>
          <host:reason>Name server not available</host:reason>
        </host:cd>
      </host:chkData>
    </resData>
    <trID>
      <clTRID>A8C71D67-3575-468A-9958-0B244DA77BDB</clTRID>
      <svTRID>3a7b9230-bd25-45d4-a2c4-5649582e74e9</svTRID>
    </trID>
  </response>
</epp>

time=2023-04-24 21:19:19.313534 level=info msg=
 ~~~~~~~ START OF REQUEST :  ~~~~~~~ 
 
time=2023-04-24 21:19:19.3140372 level=info msg=request: request-1682345959313534000-1  |  session: session-1682345952733641100
time=2023-04-24 21:19:19.3140962 level=info msg=
 --- XML Request: ---
 <?xml version="1.0" encoding="UTF-8"?>
<epp xmlns="urn:ietf:params:xml:ns:epp-1.0">
  <command>
    <check>
      <host:check xmlns:host="urn:ietf:params:xml:ns:host-1.0" xmlns="urn:ietf:params:xml:ns:host-1.0">
        <host:name>ns1.reinhard.com</host:name>
      </host:check>
    </check>
  </command>
</epp>

time=2023-04-24 21:19:19.5456049 level=info msg=
 --------------- XML Response: ---------------
 <?xml version="1.0" encoding="UTF-8"?>
<epp xmlns="urn:ietf:params:xml:ns:epp-1.0">
  <response>
    <result code="1000">
      <msg>Command completed successfully</msg>
    </result>
    <resData xmlns:host="urn:ietf:params:xml:ns:host-1.0">
      <host:chkData>
        <host:cd>
          <host:name avail="0">ns1.reinhard.com</host:name>
          <host:reason>Name server not available</host:reason>
        </host:cd>
      </host:chkData>
    </resData>
    <trID>
      <clTRID>C03F17E6-8621-4B4C-AF4B-7ED7F3954A51</clTRID>
      <svTRID>62c6cb5f-01ef-42c5-96aa-6d554aad1636</svTRID>
    </trID>
  </response>
</epp>

time=2023-04-24 21:19:19.547327 level=info msg=epp command response took 231.5087ms
time=2023-04-24 21:19:19.547327 level=info msg=
 ############### END OF REQUEST : ###############


 <?xml version="1.0" encoding="UTF-8"?>
<epp xmlns="urn:ietf:params:xml:ns:epp-1.0">
  <response>
    <result code="1000">
      <msg>Command completed successfully</msg>
    </result>
    <resData xmlns:host="urn:ietf:params:xml:ns:host-1.0">
      <host:chkData>
        <host:cd>
          <host:name avail="0">ns1.reinhard.com</host:name>
          <host:reason>Name server not available</host:reason>
        </host:cd>
      </host:chkData>
    </resData>
    <trID>
      <clTRID>C03F17E6-8621-4B4C-AF4B-7ED7F3954A51</clTRID>
      <svTRID>62c6cb5f-01ef-42c5-96aa-6d554aad1636</svTRID>
    </trID>
  </response>
</epp>

time=2023-04-24 21:20:02.5267792 level=info msg=
 ############### START OF REQUEST :  ############### 
 
time=2023-04-24 21:20:02.5267792 level=info msg=request: request-1682346002526779200-0  |  session: session-1682345999635863100
time=2023-04-24 21:20:02.5272819 level=info msg=
 --- XML Request: ---
 <?xml version="1.0" encoding="UTF-8"?>
<epp xmlns="urn:ietf:params:xml:ns:epp-1.0">
  <command>
    <check>
      <host:check xmlns:host="urn:ietf:params:xml:ns:host-1.0" xmlns="urn:ietf:params:xml:ns:host-1.0">
        <host:name>ns1.reinhard.com</host:name>
      </host:check>
    </check>
  </command>
</epp>

time=2023-04-24 21:20:02.7614771 level=info msg=
 --------------- XML Response: ---------------
 <?xml version="1.0" encoding="UTF-8"?>
<epp xmlns="urn:ietf:params:xml:ns:epp-1.0">
  <response>
    <result code="1000">
      <msg>Command completed successfully</msg>
    </result>
    <resData xmlns:host="urn:ietf:params:xml:ns:host-1.0">
      <host:chkData>
        <host:cd>
          <host:name avail="0">ns1.reinhard.com</host:name>
          <host:reason>Name server not available</host:reason>
        </host:cd>
      </host:chkData>
    </resData>
    <trID>
      <clTRID>125FBA9D-D228-487D-A00F-92DAEE0C44B4</clTRID>
      <svTRID>e1b5c4c8-42e8-4556-8185-130faa538f50</svTRID>
    </trID>
  </response>
</epp>

time=2023-04-24 21:20:02.762221 level=info msg=epp command response took 234.1952ms
time=2023-04-24 21:20:02.762221 level=info msg=
 ############################## END OF REQUEST : ############################## 


 <?xml version="1.0" encoding="UTF-8"?>
<epp xmlns="urn:ietf:params:xml:ns:epp-1.0">
  <response>
    <result code="1000">
      <msg>Command completed successfully</msg>
    </result>
    <resData xmlns:host="urn:ietf:params:xml:ns:host-1.0">
      <host:chkData>
        <host:cd>
          <host:name avail="0">ns1.reinhard.com</host:name>
          <host:reason>Name server not available</host:reason>
        </host:cd>
      </host:chkData>
    </resData>
    <trID>
      <clTRID>125FBA9D-D228-487D-A00F-92DAEE0C44B4</clTRID>
      <svTRID>e1b5c4c8-42e8-4556-8185-130faa538f50</svTRID>
    </trID>
  </response>
</epp>

time=2023-04-24 21:20:05.5017828 level=info msg=
 ############### START OF REQUEST :  ############### 
 
time=2023-04-24 21:20:05.5017828 level=info msg=request: request-1682346005501782800-1  |  session: session-1682345999635863100
time=2023-04-24 21:20:05.5017828 level=info msg=
 --- XML Request: ---
 <?xml version="1.0" encoding="UTF-8"?>
<epp xmlns="urn:ietf:params:xml:ns:epp-1.0">
  <command>
    <check>
      <host:check xmlns:host="urn:ietf:params:xml:ns:host-1.0" xmlns="urn:ietf:params:xml:ns:host-1.0">
        <host:name>ns1.reinhard.com</host:name>
      </host:check>
    </check>
  </command>
</epp>

time=2023-04-24 21:20:05.7223439 level=info msg=
 --------------- XML Response: ---------------
 <?xml version="1.0" encoding="UTF-8"?>
<epp xmlns="urn:ietf:params:xml:ns:epp-1.0">
  <response>
    <result code="1000">
      <msg>Command completed successfully</msg>
    </result>
    <resData xmlns:host="urn:ietf:params:xml:ns:host-1.0">
      <host:chkData>
        <host:cd>
          <host:name avail="0">ns1.reinhard.com</host:name>
          <host:reason>Name server not available</host:reason>
        </host:cd>
      </host:chkData>
    </resData>
    <trID>
      <clTRID>3D0B4F17-7422-4E6A-9B47-BBBBB4A7599D</clTRID>
      <svTRID>7b29c975-bc50-4c8b-8c8b-772da3fd11f9</svTRID>
    </trID>
  </response>
</epp>

time=2023-04-24 21:20:05.7232134 level=info msg=epp command response took 220.5611ms
time=2023-04-24 21:20:05.7232134 level=info msg=
 ############################## END OF REQUEST : ############################## 


 <?xml version="1.0" encoding="UTF-8"?>
<epp xmlns="urn:ietf:params:xml:ns:epp-1.0">
  <response>
    <result code="1000">
      <msg>Command completed successfully</msg>
    </result>
    <resData xmlns:host="urn:ietf:params:xml:ns:host-1.0">
      <host:chkData>
        <host:cd>
          <host:name avail="0">ns1.reinhard.com</host:name>
          <host:reason>Name server not available</host:reason>
        </host:cd>
      </host:chkData>
    </resData>
    <trID>
      <clTRID>3D0B4F17-7422-4E6A-9B47-BBBBB4A7599D</clTRID>
      <svTRID>7b29c975-bc50-4c8b-8c8b-772da3fd11f9</svTRID>
    </trID>
  </response>
</epp>

time=2023-04-24 21:20:51.7655187 level=info msg=
 ############### START OF REQUEST :  ############### 
 
time=2023-04-24 21:20:51.7655187 level=info msg=request: request-1682346051765518700-2  |  session: session-1682345999635863100
time=2023-04-24 21:20:51.7655187 level=info msg=
 --- XML Request: ---
 <?xml version="1.0" encoding="UTF-8"?>
<epp xmlns="urn:ietf:params:xml:ns:epp-1.0">
  <command>
    <check>
      <host:check xmlns:host="urn:ietf:params:xml:ns:host-1.0" xmlns="urn:ietf:params:xml:ns:host-1.0">
        <host:name>ns1.reinhard.com</host:name>
      </host:check>
    </check>
  </command>
</epp>

time=2023-04-24 21:20:51.9755938 level=info msg=
 --------------- XML Response: ---------------
 <?xml version="1.0" encoding="UTF-8"?>
<epp xmlns="urn:ietf:params:xml:ns:epp-1.0">
  <response>
    <result code="1000">
      <msg>Command completed successfully</msg>
    </result>
    <resData xmlns:host="urn:ietf:params:xml:ns:host-1.0">
      <host:chkData>
        <host:cd>
          <host:name avail="0">ns1.reinhard.com</host:name>
          <host:reason>Name server not available</host:reason>
        </host:cd>
      </host:chkData>
    </resData>
    <trID>
      <clTRID>E0F771DD-2A6F-4540-ABAA-F2F163B8AC25</clTRID>
      <svTRID>ee02b172-2bf9-4a5f-981f-fede2d9efd27</svTRID>
    </trID>
  </response>
</epp>

time=2023-04-24 21:20:51.976383 level=info msg=epp command response took 210.0751ms
time=2023-04-24 21:20:51.976383 level=info msg=
 ############################## END OF REQUEST : ############################## 


 <?xml version="1.0" encoding="UTF-8"?>
<epp xmlns="urn:ietf:params:xml:ns:epp-1.0">
  <response>
    <result code="1000">
      <msg>Command completed successfully</msg>
    </result>
    <resData xmlns:host="urn:ietf:params:xml:ns:host-1.0">
      <host:chkData>
        <host:cd>
          <host:name avail="0">ns1.reinhard.com</host:name>
          <host:reason>Name server not available</host:reason>
        </host:cd>
      </host:chkData>
    </resData>
    <trID>
      <clTRID>E0F771DD-2A6F-4540-ABAA-F2F163B8AC25</clTRID>
      <svTRID>ee02b172-2bf9-4a5f-981f-fede2d9efd27</svTRID>
    </trID>
  </response>
</epp>

time=2023-04-24 21:42:22.009002 level=info msg=
 ############### START OF REQUEST :  ############### 
 
time=2023-04-24 21:42:22.009002 level=info msg=request: request-1682347342009002000-0  |  session: session-1682347337673526500
time=2023-04-24 21:42:22.009002 level=info msg=
 --- XML Request: ---
<?xml version="1.0" encoding="UTF-8"?>
<epp xmlns="urn:ietf:params:xml:ns:epp-1.0">
  <command>
    <check>
      <host:check xmlns:host="urn:ietf:params:xml:ns:host-1.0" xmlns="urn:ietf:params:xml:ns:host-1.0">
        <host:name>ns1.reinhard.com</host:name>
      </host:check>
    </check>
  </command>
</epp>

time=2023-04-24 21:42:22.2659325 level=info msg=
 --------------- XML Response: ---------------
<?xml version="1.0" encoding="UTF-8"?>
<epp xmlns="urn:ietf:params:xml:ns:epp-1.0">
  <response>
    <result code="1000">
      <msg>Command completed successfully</msg>
    </result>
    <resData xmlns:host="urn:ietf:params:xml:ns:host-1.0">
      <host:chkData>
        <host:cd>
          <host:name avail="0">ns1.reinhard.com</host:name>
          <host:reason>Name server not available</host:reason>
        </host:cd>
      </host:chkData>
    </resData>
    <trID>
      <clTRID>22C101CB-A22B-4A4C-97C2-F8EFAF60059A</clTRID>
      <svTRID>080f5888-5b68-4d65-b630-cc966da75653</svTRID>
    </trID>
  </response>
</epp>

time=2023-04-24 21:42:22.267324 level=info msg=epp command response took 256.9305ms
time=2023-04-24 21:42:22.267324 level=info msg=
 ############################## END OF REQUEST : ############################## 


 <?xml version="1.0" encoding="UTF-8"?>
<epp xmlns="urn:ietf:params:xml:ns:epp-1.0">
  <response>
    <result code="1000">
      <msg>Command completed successfully</msg>
    </result>
    <resData xmlns:host="urn:ietf:params:xml:ns:host-1.0">
      <host:chkData>
        <host:cd>
          <host:name avail="0">ns1.reinhard.com</host:name>
          <host:reason>Name server not available</host:reason>
        </host:cd>
      </host:chkData>
    </resData>
    <trID>
      <clTRID>22C101CB-A22B-4A4C-97C2-F8EFAF60059A</clTRID>
      <svTRID>080f5888-5b68-4d65-b630-cc966da75653</svTRID>
    </trID>
  </response>
</epp>

time=2023-04-24 21:43:33.2101508 level=info msg=
 ############### START OF REQUEST :  ############### 
 
time=2023-04-24 21:43:33.2101508 level=info msg=request: request-1682347413210150800-0  |  session: session-1682347409655050300
time=2023-04-24 21:43:33.2106547 level=info msg=
 --- XML Request: ---
<?xml version="1.0" encoding="UTF-8"?>
<epp xmlns="urn:ietf:params:xml:ns:epp-1.0">
  <command>
    <check>
      <host:check xmlns:host="urn:ietf:params:xml:ns:host-1.0" xmlns="urn:ietf:params:xml:ns:host-1.0">
        <host:name>ns1.reinhard.com</host:name>
      </host:check>
    </check>
  </command>
</epp>

time=2023-04-24 21:43:33.4759858 level=info msg=
 --------------- XML Response: ---------------
<?xml version="1.0" encoding="UTF-8"?>
<epp xmlns="urn:ietf:params:xml:ns:epp-1.0">
  <response>
    <result code="1000">
      <msg>Command completed successfully</msg>
    </result>
    <resData xmlns:host="urn:ietf:params:xml:ns:host-1.0">
      <host:chkData>
        <host:cd>
          <host:name avail="0">ns1.reinhard.com</host:name>
          <host:reason>Name server not available</host:reason>
        </host:cd>
      </host:chkData>
    </resData>
    <trID>
      <clTRID>8FECA334-5B5D-4F0F-9C74-4ED2A65BC3CD</clTRID>
      <svTRID>77da9a3b-5b45-419d-89cd-a4247f8cba73</svTRID>
    </trID>
  </response>
</epp>

time=2023-04-24 21:43:33.4793793 level=info msg=epp command response took 265.3311ms
time=2023-04-24 21:43:33.4793793 level=info msg=
 ############################## END OF REQUEST : ############################## 



time=2023-04-24 21:44:20.589249 level=info msg=
 ############### START OF REQUEST :  ############### 
time=2023-04-24 21:44:20.5897545 level=info msg=request: request-1682347460589249000-0  |  session: session-1682347456445108800
time=2023-04-24 21:44:20.5897545 level=info msg=
 --- XML Request: ---
<?xml version="1.0" encoding="UTF-8"?>
<epp xmlns="urn:ietf:params:xml:ns:epp-1.0">
  <command>
    <check>
      <host:check xmlns:host="urn:ietf:params:xml:ns:host-1.0" xmlns="urn:ietf:params:xml:ns:host-1.0">
        <host:name>ns1.reinhard.com</host:name>
      </host:check>
    </check>
  </command>
</epp>

time=2023-04-24 21:44:20.8101037 level=info msg=
 --------------- XML Response: ---------------
<?xml version="1.0" encoding="UTF-8"?>
<epp xmlns="urn:ietf:params:xml:ns:epp-1.0">
  <response>
    <result code="1000">
      <msg>Command completed successfully</msg>
    </result>
    <resData xmlns:host="urn:ietf:params:xml:ns:host-1.0">
      <host:chkData>
        <host:cd>
          <host:name avail="0">ns1.reinhard.com</host:name>
          <host:reason>Name server not available</host:reason>
        </host:cd>
      </host:chkData>
    </resData>
    <trID>
      <clTRID>484671A6-B4CD-4E9D-8129-1CCC72C99A51</clTRID>
      <svTRID>258105fc-ba4b-4c6f-805c-66bcd25d0b74</svTRID>
    </trID>
  </response>
</epp>

time=2023-04-24 21:44:20.8119361 level=info msg=epp command response took 220.3492ms
time=2023-04-24 21:44:20.8119361 level=info msg=
 ############################## END OF REQUEST : ############################## 



time=2023-04-24 21:45:07.7410985 level=info msg=
 ############################## START OF REQUEST :  ##############################  
time=2023-04-24 21:45:07.7410985 level=info msg=request: request-1682347507741098500-0  |  session: session-1682347505785168000
time=2023-04-24 21:45:07.7410985 level=info msg=
 --- XML Request: ---
<?xml version="1.0" encoding="UTF-8"?>
<epp xmlns="urn:ietf:params:xml:ns:epp-1.0">
  <command>
    <check>
      <host:check xmlns:host="urn:ietf:params:xml:ns:host-1.0" xmlns="urn:ietf:params:xml:ns:host-1.0">
        <host:name>ns1.reinhard.com</host:name>
      </host:check>
    </check>
  </command>
</epp>

time=2023-04-24 21:45:07.9548985 level=info msg=
 --------------- XML Response: ---------------
<?xml version="1.0" encoding="UTF-8"?>
<epp xmlns="urn:ietf:params:xml:ns:epp-1.0">
  <response>
    <result code="1000">
      <msg>Command completed successfully</msg>
    </result>
    <resData xmlns:host="urn:ietf:params:xml:ns:host-1.0">
      <host:chkData>
        <host:cd>
          <host:name avail="0">ns1.reinhard.com</host:name>
          <host:reason>Name server not available</host:reason>
        </host:cd>
      </host:chkData>
    </resData>
    <trID>
      <clTRID>5FAA3503-E492-4B5E-944A-48CDE7E2AF4E</clTRID>
      <svTRID>2c2243cc-0ccc-4adc-a2ea-a989604cfe22</svTRID>
    </trID>
  </response>
</epp>

time=2023-04-24 21:45:07.955692 level=info msg=epp command response took 213.8ms
time=2023-04-24 21:45:07.955692 level=info msg=
 ############################## END OF REQUEST : ############################## 



time=2023-04-24 21:45:37.6807875 level=info msg=
 ############################## START OF REQUEST :  ##############################  
time=2023-04-24 21:45:37.6807875 level=info msg=request: request-1682347537680787500-0  |  session: session-1682347534685281500
time=2023-04-24 21:45:37.6807875 level=info msg=
 --------------- XML Request: --------------- 
<?xml version="1.0" encoding="UTF-8"?>
<epp xmlns="urn:ietf:params:xml:ns:epp-1.0">
  <command>
    <check>
      <host:check xmlns:host="urn:ietf:params:xml:ns:host-1.0" xmlns="urn:ietf:params:xml:ns:host-1.0">
        <host:name>ns1.reinhard.com</host:name>
      </host:check>
    </check>
  </command>
</epp>

time=2023-04-24 21:45:37.9024991 level=info msg=
 --------------- XML Response: ---------------
<?xml version="1.0" encoding="UTF-8"?>
<epp xmlns="urn:ietf:params:xml:ns:epp-1.0">
  <response>
    <result code="1000">
      <msg>Command completed successfully</msg>
    </result>
    <resData xmlns:host="urn:ietf:params:xml:ns:host-1.0">
      <host:chkData>
        <host:cd>
          <host:name avail="0">ns1.reinhard.com</host:name>
          <host:reason>Name server not available</host:reason>
        </host:cd>
      </host:chkData>
    </resData>
    <trID>
      <clTRID>71A7DA4A-6A96-4729-9E74-A744EC308BEC</clTRID>
      <svTRID>9abacf20-4d99-495c-8532-782593d3cb58</svTRID>
    </trID>
  </response>
</epp>

time=2023-04-24 21:45:37.903384 level=info msg=epp command response took 221.7116ms
time=2023-04-24 21:45:37.903384 level=info msg=
 ############################## END OF REQUEST : ############################## 



time=2023-04-24 21:45:40.0608749 level=info msg=
 ############################## START OF REQUEST :  ##############################  
time=2023-04-24 21:45:40.0608749 level=info msg=request: request-1682347540060874900-1  |  session: session-1682347534685281500
time=2023-04-24 21:45:40.0613787 level=info msg=
 --------------- XML Request: --------------- 
<?xml version="1.0" encoding="UTF-8"?>
<epp xmlns="urn:ietf:params:xml:ns:epp-1.0">
  <command>
    <check>
      <host:check xmlns:host="urn:ietf:params:xml:ns:host-1.0" xmlns="urn:ietf:params:xml:ns:host-1.0">
        <host:name>ns1.reinhard.com</host:name>
      </host:check>
    </check>
  </command>
</epp>

time=2023-04-24 21:45:40.2839442 level=info msg=
 --------------- XML Response: ---------------
<?xml version="1.0" encoding="UTF-8"?>
<epp xmlns="urn:ietf:params:xml:ns:epp-1.0">
  <response>
    <result code="1000">
      <msg>Command completed successfully</msg>
    </result>
    <resData xmlns:host="urn:ietf:params:xml:ns:host-1.0">
      <host:chkData>
        <host:cd>
          <host:name avail="0">ns1.reinhard.com</host:name>
          <host:reason>Name server not available</host:reason>
        </host:cd>
      </host:chkData>
    </resData>
    <trID>
      <clTRID>ABA37EFC-6BFC-4E3E-B5DD-4F116BCD70E3</clTRID>
      <svTRID>0edee372-320b-4040-b091-14fc8386017b</svTRID>
    </trID>
  </response>
</epp>

time=2023-04-24 21:45:40.2880703 level=info msg=epp command response took 222.5655ms
time=2023-04-24 21:45:40.2881275 level=info msg=
 ############################## END OF REQUEST : ############################## 



time=2023-04-24 21:45:40.8680322 level=info msg=
 ############################## START OF REQUEST :  ##############################  
time=2023-04-24 21:45:40.8680322 level=info msg=request: request-1682347540868032200-2  |  session: session-1682347534685281500
time=2023-04-24 21:45:40.8685375 level=info msg=
 --------------- XML Request: --------------- 
<?xml version="1.0" encoding="UTF-8"?>
<epp xmlns="urn:ietf:params:xml:ns:epp-1.0">
  <command>
    <check>
      <host:check xmlns:host="urn:ietf:params:xml:ns:host-1.0" xmlns="urn:ietf:params:xml:ns:host-1.0">
        <host:name>ns1.reinhard.com</host:name>
      </host:check>
    </check>
  </command>
</epp>

time=2023-04-24 21:45:41.0960793 level=info msg=
 --------------- XML Response: ---------------
<?xml version="1.0" encoding="UTF-8"?>
<epp xmlns="urn:ietf:params:xml:ns:epp-1.0">
  <response>
    <result code="1000">
      <msg>Command completed successfully</msg>
    </result>
    <resData xmlns:host="urn:ietf:params:xml:ns:host-1.0">
      <host:chkData>
        <host:cd>
          <host:name avail="0">ns1.reinhard.com</host:name>
          <host:reason>Name server not available</host:reason>
        </host:cd>
      </host:chkData>
    </resData>
    <trID>
      <clTRID>CA3227A0-DD26-4218-91FB-7444D75730D1</clTRID>
      <svTRID>30a61454-8f39-435e-b74d-504baf9eade1</svTRID>
    </trID>
  </response>
</epp>

time=2023-04-24 21:45:41.0986733 level=info msg=epp command response took 227.5418ms
time=2023-04-24 21:45:41.0986733 level=info msg=
 ############################## END OF REQUEST : ############################## 



time=2023-04-24 21:45:41.6846779 level=info msg=
 ############################## START OF REQUEST :  ##############################  
time=2023-04-24 21:45:41.6846779 level=info msg=request: request-1682347541684677900-3  |  session: session-1682347534685281500
time=2023-04-24 21:45:41.6846779 level=info msg=
 --------------- XML Request: --------------- 
<?xml version="1.0" encoding="UTF-8"?>
<epp xmlns="urn:ietf:params:xml:ns:epp-1.0">
  <command>
    <check>
      <host:check xmlns:host="urn:ietf:params:xml:ns:host-1.0" xmlns="urn:ietf:params:xml:ns:host-1.0">
        <host:name>ns1.reinhard.com</host:name>
      </host:check>
    </check>
  </command>
</epp>

time=2023-04-24 21:45:41.9066326 level=info msg=
 --------------- XML Response: ---------------
<?xml version="1.0" encoding="UTF-8"?>
<epp xmlns="urn:ietf:params:xml:ns:epp-1.0">
  <response>
    <result code="1000">
      <msg>Command completed successfully</msg>
    </result>
    <resData xmlns:host="urn:ietf:params:xml:ns:host-1.0">
      <host:chkData>
        <host:cd>
          <host:name avail="0">ns1.reinhard.com</host:name>
          <host:reason>Name server not available</host:reason>
        </host:cd>
      </host:chkData>
    </resData>
    <trID>
      <clTRID>0F6D2EB1-CC7F-4151-BB29-A676A2DEE107</clTRID>
      <svTRID>b423fc03-6ffb-4588-831f-8ee986ad0266</svTRID>
    </trID>
  </response>
</epp>

time=2023-04-24 21:45:41.9089331 level=info msg=epp command response took 221.9547ms
time=2023-04-24 21:45:41.9094488 level=info msg=
 ############################## END OF REQUEST : ############################## 



time=2023-04-24 21:45:42.4763068 level=info msg=
 ############################## START OF REQUEST :  ##############################  
time=2023-04-24 21:45:42.4763068 level=info msg=request: request-1682347542476306800-4  |  session: session-1682347534685281500
time=2023-04-24 21:45:42.4763068 level=info msg=
 --------------- XML Request: --------------- 
<?xml version="1.0" encoding="UTF-8"?>
<epp xmlns="urn:ietf:params:xml:ns:epp-1.0">
  <command>
    <check>
      <host:check xmlns:host="urn:ietf:params:xml:ns:host-1.0" xmlns="urn:ietf:params:xml:ns:host-1.0">
        <host:name>ns1.reinhard.com</host:name>
      </host:check>
    </check>
  </command>
</epp>

time=2023-04-24 21:45:43.3253534 level=info msg=
 --------------- XML Response: ---------------
<?xml version="1.0" encoding="UTF-8"?>
<epp xmlns="urn:ietf:params:xml:ns:epp-1.0">
  <response>
    <result code="1000">
      <msg>Command completed successfully</msg>
    </result>
    <resData xmlns:host="urn:ietf:params:xml:ns:host-1.0">
      <host:chkData>
        <host:cd>
          <host:name avail="0">ns1.reinhard.com</host:name>
          <host:reason>Name server not available</host:reason>
        </host:cd>
      </host:chkData>
    </resData>
    <trID>
      <clTRID>707B35AC-4E24-4B8D-8232-0B7BBB0D34DA</clTRID>
      <svTRID>12df32d2-25f3-440d-95a6-1b10816eaa3c</svTRID>
    </trID>
  </response>
</epp>

time=2023-04-24 21:45:43.3273 level=info msg=epp command response took 849.0466ms
time=2023-04-24 21:45:43.3273 level=info msg=
 ############################## END OF REQUEST : ############################## 



time=2023-04-24 21:45:43.839158 level=info msg=
 ############################## START OF REQUEST :  ##############################  
time=2023-04-24 21:45:43.839158 level=info msg=request: request-1682347543839158000-5  |  session: session-1682347534685281500
time=2023-04-24 21:45:43.839158 level=info msg=
 --------------- XML Request: --------------- 
<?xml version="1.0" encoding="UTF-8"?>
<epp xmlns="urn:ietf:params:xml:ns:epp-1.0">
  <command>
    <check>
      <host:check xmlns:host="urn:ietf:params:xml:ns:host-1.0" xmlns="urn:ietf:params:xml:ns:host-1.0">
        <host:name>ns1.reinhard.com</host:name>
      </host:check>
    </check>
  </command>
</epp>

time=2023-04-24 21:45:44.0590857 level=info msg=
 --------------- XML Response: ---------------
<?xml version="1.0" encoding="UTF-8"?>
<epp xmlns="urn:ietf:params:xml:ns:epp-1.0">
  <response>
    <result code="1000">
      <msg>Command completed successfully</msg>
    </result>
    <resData xmlns:host="urn:ietf:params:xml:ns:host-1.0">
      <host:chkData>
        <host:cd>
          <host:name avail="0">ns1.reinhard.com</host:name>
          <host:reason>Name server not available</host:reason>
        </host:cd>
      </host:chkData>
    </resData>
    <trID>
      <clTRID>AA179AF0-DA51-4693-A0C5-32378B47AB11</clTRID>
      <svTRID>d1918b72-8499-4916-8cd2-a5289a94edb6</svTRID>
    </trID>
  </response>
</epp>

time=2023-04-24 21:45:44.0602651 level=info msg=epp command response took 219.9277ms
time=2023-04-24 21:45:44.0602651 level=info msg=
 ############################## END OF REQUEST : ############################## 



